# JRE version: Java(TM) SE Runtime Environment 18.9 (11.0.16.1+1) (build 11.0.16.1+1-LTS-1)
# Java VM: Java HotSpot(TM) 64-Bit Server VM 18.9 (11.0.16.1+1-LTS-1, mixed mode, tiered, compressed oops, g1 gc, windows-amd64)
Heap:
 garbage-first heap   total 253952K, used 75729K [0x0000000709200000, 0x0000000800000000)
  region size 1024K, 61 young (62464K), 3 survivors (3072K)
 Metaspace       used 33413K, capacity 34477K, committed 34560K, reserved 1079296K
  class space    used 3867K, capacity 4298K, committed 4352K, reserved 1048576K
GC Heap History (6 events):
Event: 0.842 GC heap before
{Heap before GC invocations=0 (full 0):
 garbage-first heap   total 253952K, used 23552K [0x0000000709200000, 0x0000000800000000)
  region size 1024K, 24 young (24576K), 0 survivors (0K)
 Metaspace       used 12072K, capacity 12396K, committed 12672K, reserved 1060864K
  class space    used 1184K, capacity 1287K, committed 1408K, reserved 1048576K
}
Event: 0.845 GC heap after
{Heap after GC invocations=1 (full 0):
 garbage-first heap   total 253952K, used 5431K [0x0000000709200000, 0x0000000800000000)
  region size 1024K, 3 young (3072K), 3 survivors (3072K)
 Metaspace       used 12072K, capacity 12396K, committed 12672K, reserved 1060864K
  class space    used 1184K, capacity 1287K, committed 1408K, reserved 1048576K
}
Event: 1.560 GC heap before
{Heap before GC invocations=1 (full 0):
 garbage-first heap   total 253952K, used 58679K [0x0000000709200000, 0x0000000800000000)
  region size 1024K, 56 young (57344K), 3 survivors (3072K)
 Metaspace       used 20468K, capacity 21108K, committed 21248K, reserved 1069056K
  class space    used 2161K, capacity 2446K, committed 2560K, reserved 1048576K
}
Event: 1.566 GC heap after
{Heap after GC invocations=2 (full 0):
 garbage-first heap   total 253952K, used 10792K [0x0000000709200000, 0x0000000800000000)
  region size 1024K, 9 young (9216K), 9 survivors (9216K)
 Metaspace       used 20468K, capacity 21108K, committed 21248K, reserved 1069056K
  class space    used 2161K, capacity 2446K, committed 2560K, reserved 1048576K
}
Event: 1.967 GC heap before
{Heap before GC invocations=3 (full 0):
 garbage-first heap   total 253952K, used 41512K [0x0000000709200000, 0x0000000800000000)
  region size 1024K, 39 young (39936K), 9 survivors (9216K)
 Metaspace       used 26715K, capacity 27501K, committed 27648K, reserved 1073152K
  class space    used 2969K, capacity 3328K, committed 3328K, reserved 1048576K
}
Event: 1.973 GC heap after
{Heap after GC invocations=4 (full 0):
 garbage-first heap   total 253952K, used 13265K [0x0000000709200000, 0x0000000800000000)
  region size 1024K, 3 young (3072K), 3 survivors (3072K)
 Metaspace       used 26715K, capacity 27501K, committed 27648K, reserved 1073152K
  class space    used 2969K, capacity 3328K, committed 3328K, reserved 1048576K
}

